<?xml version="1.0" encoding="UTF-8"?>
<!-- Generated by org.testng.reporters.JUnitReportReporter -->
<testsuite skipped="0" hostname="DESKTOP-75IMU8K" name="github.LoginTest" tests="2" failures="0" timestamp="17 Oct 2021 09:22:24 GMT" time="12.133" errors="0">
  <testcase name="loginsuccessTC42" time="5.741" classname="github.LoginTest"/>
  <testcase name="loginsuccessTC31" time="6.392" classname="github.LoginTest"/>
</testsuite> <!-- github.LoginTest -->
