<?xml version="1.0" encoding="UTF-8"?>
<!-- Generated by org.testng.reporters.JUnitReportReporter -->
<testsuite skipped="0" hostname="DESKTOP-75IMU8K" name="photoruction.LoginTest" tests="2" failures="0" timestamp="03 Sep 2021 08:55:56 GMT" time="55.564" errors="0">
  <testcase name="loginsuccess" time="24.128" classname="photoruction.LoginTest"/>
  <testcase name="loginFail" time="31.436" classname="photoruction.LoginTest"/>
</testsuite> <!-- photoruction.LoginTest -->
