<?xml version="1.0" encoding="UTF-8"?>
<!-- Generated by org.testng.reporters.JUnitReportReporter -->
<testsuite skipped="0" hostname="DESKTOP-75IMU8K" name="photoruction.LoginEmailTest" tests="1" failures="0" timestamp="05 Sep 2021 11:00:14 GMT" time="13.098" errors="0">
  <testcase name="loginFail" time="13.098" classname="photoruction.LoginEmailTest"/>
</testsuite> <!-- photoruction.LoginEmailTest -->
