<?xml version="1.0" encoding="UTF-8"?>
<!-- Generated by org.testng.reporters.JUnitReportReporter -->
<testsuite skipped="0" hostname="DESKTOP-75IMU8K" name="photoruction.LoginPasswordTest" tests="1" failures="0" timestamp="05 Sep 2021 11:08:09 GMT" time="14.620" errors="0">
  <testcase name="loginFail" time="14.620" classname="photoruction.LoginPasswordTest"/>
</testsuite> <!-- photoruction.LoginPasswordTest -->
