<?xml version="1.0" encoding="UTF-8"?>
<!-- Generated by org.testng.reporters.JUnitReportReporter -->
<testsuite skipped="0" hostname="DESKTOP-75IMU8K" name="photoruction.LoginTest" tests="6" failures="0" timestamp="08 Oct 2021 07:10:50 GMT" time="254.135" errors="0">
  <testcase name="CheckTransititonTC22" time="43.092" classname="photoruction.LoginTest"/>
  <testcase name="CheckTransititonTC25" time="47.878" classname="photoruction.LoginTest"/>
  <testcase name="loginFail" time="42.242" classname="photoruction.LoginTest"/>
  <testcase name="CheckTransititonTC23" time="33.823" classname="photoruction.LoginTest"/>
  <testcase name="CheckTransititonTC26" time="48.890" classname="photoruction.LoginTest"/>
  <testcase name="CheckTransititonTC24" time="38.210" classname="photoruction.LoginTest"/>
</testsuite> <!-- photoruction.LoginTest -->
