<?xml version="1.0" encoding="UTF-8"?>
<!-- Generated by org.testng.reporters.JUnitReportReporter -->
<testsuite skipped="0" hostname="DESKTOP-75IMU8K" name="github.LoginTest" tests="1" failures="0" timestamp="08 Oct 2021 10:57:18 GMT" time="13.814" errors="0">
  <testcase name="loginsuccessTC41" time="13.814" classname="github.LoginTest"/>
</testsuite> <!-- github.LoginTest -->
